Pranav Saravanan
Student id: 2341335
Email: saravanan@chapman.edu
CPSC 350-01
C++ Review HW1

A: 8
T: 8
C: 8
G: 8

Sum: 32
Line Numbers 5
Mean: 6.4

Probability of A: 0.25
Probability of T: 0.25
Probability of C: 0.25
Probability of G: 0.25

Probability of AA: 0.0625
Probability of AC: 0.0625
Probability of AT: 0.0625
Probability of AG: 0.0625

Probability of CA: 0.0625
Probability of CC: 0.0625
Probability of CT: 0.0625
Probability of CG: 0.0625

Probability of TA: 0.0625
Probability of TC: 0.0625
Probability of TT: 0.0625
Probability of TG: 0.0625

Probability of GA: 0.0625
Probability of GC: 0.0625
Probability of GT: 0.0625
Probability of GG: 0.0625

Variance: 0.64
Standard Deviation: 0.8
CTCTGC
AAGTGT
TGCGCC
TCTAGG
GTTTAG
GGATAC
TGAAAT
CAGCTG
AGTCCA
GGCAAA
CTCAGA
AACTGA
GTGCTG
TCCGCC
TTGTCC
CCTCGG
GTTGGG
TAAGAC
CCACGA
AACTCA
TAATAT
ATTCAA
GAGTTC
CTCATT
GCCTCA
CTGAGT
ATTCCC
AGACGC
CGTCTT
TATCCT
ACTTGA
GTAATA
GCTTCA
CCTTAG
GCCGCC
AAACCT
GTGTCA
CGATGG
AGGCAT
TCCTGC
TTGCCG
TGAAAG
GACCCG
GACCGG
CAGCCC
CTTGCT
ATAGAG
CTTATC
TAACGT
GGCCGC
CGCTAC
TGTCCC
TACGGT
GAACAT
TTACTT
CTACTG
CGCCGA
CAGCCC
CGAAGT
CGGAGG
CGAATC
CTGCTA
ACGTCG
TCAAAT
CAAGGT
CGGGCA
GCCACC
GGCCAC
TAACGG
TGCACG
CAAGTA
TAACGA
CCTCAA
CCGACC
CTGCCG
GATTTG
CTCATG
TTTGTC
TTCAAC
AATTAC
GTAATC
CTTCAG
GCAAGC
AGCATA
AAGACT
AGGGCA
GCAGCG
CGGGCC
GAGGTG
TCTAAT
CGGTCG
CTGAAG
TACATC
GGGCCA
GCAAAT
AGATAG
AAATTG
AGTACT
GGACGA
AAAGGT
ATATGG
ATTGGG
CTATAA
GTTTTA
ACGGGA
ACCGTT
CCGCGA
GGCTAA
CCCTTT
ACTTTG
CCGATA
CTAGTT
TGACAG
AGGGAG
AGGAGA
TGGATA
GTCTGC
GAGTAT
ATACAT
GGACTT
GGGCTA
AAAACT
AGCTAG
TTACTG
TACAAC
CTGGTG
CCTAGC
CTGCTC
GGTTGG
AGTGTC
GTCCGT
GGCGTG
GTACTC
CGGTAA
ATTCAG
ATAATT
CGACCC
GGTCGT
CTATGG
CCATCG
AAAGGA
GTTTTT
CGATGT
GGGTAA
GAATCA
GATTCA
CGCTAC
GAGTAC
TTGATC
GAATCG
AGTCGT
AGAGGT
GCCCCA
CTAGCC
GTACGA
GTCATG
AACGTG
AATGAT
TAGCTG
CGAAGC
TCTTAT
AGCAAT
CGCTCA
GCGCCA
GATCGA
CAATCT
GAAGTG
ATAAGA
GCACCG
GGTAGA
TGTCGT
TCAATC
TCTCGA
GCATAA
ATTCCG
GTCACG
CTTACG
ACGCCC
AGAGGG
TTATCA
AGAATA
CTCTAA
AGATTA
CCCATG
TGACAA
AGTGCG
TCGCTT
ACAGTC
TTATCC
ATGTTC
CAGCTG
GTGCTA
TCAAGA
AACGAA
GGCAAC
AGATGC
GCTCAG
GCGTAC
CTGAAT
GCAGAT
GGATAT
CTTTCC
GGACAG
AGATTT
GATTTC
GGGTAT
GATGAT
GTATTG
GCCTTT
GACAAC
ATGTTT
TAAGTG
AGAGAC
CTAATC
CAGATT
ACGTCA
GTTTAG
AGCGCG
TCACAC
CGGGTA
ACACTA
AACCAA
TGTTAT
ACCTCA
TCTATG
GCGCCA
AGTGGC
TAGTAT
GGTGAT
CACTGT
GATCAC
GGGACC
ACGTTT
TAAGCT
GCCGTG
AATCGC
CCTGAT
TGTAAG
CCCATC
CACCTT
TCAGCT
TATGTC
AGGATT
TTCTAT
TACTGT
TATCTT
TGCGCC
GGGCTG
TGATGG
GACGAG
ACTCCG
CTACAA
CTTTTG
AGAGGT
ACCATA
TCAGAA
CACAAA
TGCGAT
AGGGCC
AACAGT
TACCTA
GCGGAT
CCACTG
CCCGGA
GTGGCA
GTGGCG
TGGACT
CCCGAT
CATATA
GACCTC
AACCTC
GGGCTG
TCTTGC
GGAATC
GAAGGC
TTGTTA
TACAAT
TATGCA
GTCTCT
TTACAT
ACGTTG
CGTCTA
CTGTAG
ACAATG
CTAATG
CCTTTG
ACACCC
ACTTCA
GAATGC
AGTGCT
ACTCTT
GCTTAT
CGCTGC
CCAATT
GAAATA
CCGCCA
TTGGGT
AGAAGT
AGTGCT
AGCTTT
CCCGCC
CTTGAG
AGCGCG
GAAACA
CATCCG
CAGCTG
CTACAG
GGAGAA
ATGGCG
TACGAC
CAATAA
AGCTGG
ACCGGA
TTCGAA
CCGCGT
ATAGGG
TTCCGG
GCGGGA
CGCCCG
ACGTAA
TGCCCG
GCATCC
AGCCCG
ACCAAC
TGAGGG
TACTAC
ATCGGC
GCGGCT
AATAGC
GGTTCA
ATGAGT
ATGGAA
GCAAGA
CTGTAC
CTGTGG
CTAGCT
AAGTTC
CGCATG
GTGCGT
AGGTAC
GATTTT
TCCACC
ACGAGA
CCCGAG
AGATAG
TTCGTT
AGCATC
AACTGG
CGTCCC
TAGCCT
GTTGAG
GGCGCT
GACGAT
AAACGG
CATGAC
ATTCGA
GCTGGT
GCAGGG
ATTTTA
ATGCAT
CTTCTA
AGACCT
CGTAAA
TGAGAC
CGCGTA
GTCATC
GCGTAG
GAAAGG
GACTTG
CTCCGT
ACTGAG
GTTCGC
GCATAT
ATCGTT
CTTCTA
CCATGG
ACACCT
CTTAGC
CCTCGG
CGATGC
CGAAAT
TTCCTC
TCTGAG
GGGAGC
CGGAAC
GATTGC
GATGAT
TCTGGC
CCGGGA
GGTCTA
AAGCCA
CTGCAC
TCCGTT
GTTAGA
GCTAAT
GGCAGA
GGCCGA
CAGATA
CGCTTG
AATCGC
TAGCGC
ACGACA
GAGCGG
AGCGAT
CGCTTG
TGTAGA
ATACCG
ATTTTA
AATATC
CTTCTG
TGCGCT
CAGAAT
TGGGGA
TTGGAA
TAAGGC
CAGCTG
TTCGAA
ACCTTG
CGATAG
CCCAGG
AGTCGG
GGGGCT
CATCCG
GCATTG
GCGGAC
CTGTTC
AAGTCG
GCTGCT
CGCAAT
TTTAAA
AACTCT
CGCGAC
ACCCGC
CGGCCC
TTTTAA
CGGCGT
TGATCG
CAGCGC
AGTTGT
TAGTCT
CCGGCC
ATGGTG
ATCTTG
CCCTCG
GTTCGC
CGCGAA
GGCCAT
GGGGAG
CAGCCG
GGGGTC
GTTGAC
TTGCTT
TAAGCT
CCCGAA
ATTTAG
TTAGGG
GAAAAC
CAGGTG
ATGAAT
GGTGAC
CACGTG
CGTGTA
GTGCAA
GGCACA
CGCTCA
CAGCTG
GTCAAT
GCGCCC
ATGACG
TCATCA
CCGTCA
AGAATG
CGGGGT
GCGAAG
TCGCTG
GCGCTG
GCCTAC
AAGCTC
TGCATG
TGGATG
CAGGAA
ATAAGG
ACTTCG
CTCCCT
GTGACA
TCGATT
GCTTAA
ATACGA
GGCTTC
GATCGC
AACTGT
TCTGTA
TCCACG
GTATGC
TCATAC
TGATGC
TACGTC
TGCTTA
GGCTAG
TCGCTT
CGGGGC
GAAGTC
GTGTGG
CCCCTA
GGACTA
CTTGAA
GTGTGG
TCAATT
TTCTTT
CAGGGA
TGCGCG
CGAGAT
CCCAAT
AATACG
CACGTG
TGCCCC
GCGTTT
TTTTAC
GGAATG
CTTCGG
GACGAC
GTACTC
TGTGAC
GTGCAA
GAAAAT
TTCTAG
TTACTC
CGGCCT
CGTTGC
CCAAAG
CCAATG
TTACTC
ACGTCG
TCCGTT
GCTTAA
AGAGTA
CGCAGT
ATTTTT
AGCACT
CGTCAA
AGTGCG
TCCTAG
TGGGAA
GGTGTT
ACAACG
GACATC
TTCTGA
AATTCC
CGGTCA
GAATGA
ACGAAG
ACAATT
GAAACA
AATTCT
ATCGGT
CCTGAA
CTAACA
ATGGCG
TGTGAC
AGTAAA
CAACTT
ACGGAG
TGAACG
CTCTAA
TGCGCA
CCGACA
CAAGCT
ATAGAG
CAACCT
GCAGGA
TGGACG
GCCCTC
TCTCGC
GTACTG
TAGCTC
GGTCTT
GGTGGG
GAGGAA
GCCCCT
GTACTC
CATTAG
GCCGGG
CATTTA
CAACAA
TTCCTT
ACACTG
GGGTCA
ACGATA
GTGTTC
CTTCTT
TCTCCG
TTCAGC
GTACCC
AGCCAT
CAGTAG
GAGAAT
CCGCGC
ACTGAC
GGGGGC
GGACGT
GCCAGA
CGGGGC
GTCAAA
ACCCGG
CCAAAT
CTTCCA
GCTCGG
CCACGT
GTTGTA
CTGAAT
CAGCGT
ACTACG
TCGCCC
TGCGCT
CATGGC
ATATTT
GCTGAT
CCTGAC
TCGTTT
GTCAAG
AGATAC
GCAGGG
AGTACC
ATCTGT
GAGGGT
ACAGTT
TATCTA
GATAGT
ATTGGA
AAGCTA
TCAATC
CGATGA
CCGTGC
GTTAAA
TTGATG
GGGTTA
TTTAGA
GGGCAC
CCTTAA
CCCTGT
ACATCA
ATCCCT
GGACGT
CGTTAC
CGACAT
TGTAAT
GGTGTT
AAGTAC
GATACC
AAGGAT
AAAAGT
CCATGC
TCAATG
AATCGC
ATATGG
TTTCCA
TAAACC
ATCTCT
AGCAGG
ATAGTT
CGTCGT
AGCTTA
TCCTTA
GATGGA
CTAAAC
AAGCAC
TTGCGA
AAGACA
GGGACC
TCTCAC
CGGGGT
GGGAGC
GTACCA
GTTCCT
ATTCTA
ATTTAG
GCCAAG
ATATCA
CGCCGA
TTCTCC
CATTCA
AGAATG
TAACCA
GCTGCG
TCACTA
CTGTGG
CCAAAC
TAAAAA
GTGGGG
CAGAAA
TACAAT
CATATC
AGATTT
CGGGCC
ACGTAT
ACAAGG
CGTTTG
CCAATC
CCGTGG
TTGATC
ACCGAG
CGCTAT
GACTTT
TTTGGG
CGATTC
TCCTGG
GGCGGA
GCTGTG
AGAACC
TAGCCA
ATGAGC
TCTTTA
AAACTC
GCGTAT
TCCAAC
TGTATA
ATGCGA
ATGGTA
GAAAAT
CCTCGC
CAGTGG
CTAGCT
TATACG
GGCCTA
TTAGTT
TTCAGG
TTGCAG
CATTGT
AAGAAA
GCACGC
TACCTG
GGACTT
GTCGGG
ATTTAC
ATCGTT
GTCGTT
AAGGGA
ACCAGG
CCATTG
CCGCGA
TACCTT
TCAATT
GCTGGG
CGGGAA
CAGGGC
CAACAA
CAAAGC
CAATTT
ACATGG
AGCTAG
TATAAA
GAGTGC
CGAAGA
CTAATT
TCATTG
AGTATA
GAGCAA
CATGGA
TGACTC
TGCCGT
TTAGCA
TGGGGT
TTCGAG
CCCACT
ATGATC
CGTAAC
GCGAGA
CACACA
TCACAA
TGCATT
ATGACT
ATTTCG
CCTCAT
AATGAC
TCGTGA
TTCACA
CACTAC
AACAGG
CTTCGC
CACTAG
CCGAAG
GACGCA
GGGGTC
CTCTTG
TCTCTC
GTCCCA
TGGTCT
CGAGAC
TATTAT
ACTCCG
ATAATG
TGCAAA
CATACC
ATGAGT
CTTTTC
ACTGGG
CAAAGG
GTCACC
GGTCTA
TTCGGT
GTCAAG
CGTATA
TACTGA
TCTGCG
TTATGT
TCGTGT
AGACTC
AGAGGC
TACGCA
CTCATG
CGTGAA
AGTTGG
TTCAAG
ACCAGC
GGTTTG
ATCCAA
ATTCGA
GAATGG
ATTAAA
ATCAGT
TCTCCC
AGTAGA
GATTCA
GAAATG
GCAGAC
GACAAC
AGGATA
GGGAAG
TTTCCG
GTTTAC
TTATCG
CGAGTC
TAGATC
TGTTGC
ACTCTC
ATCGGC
AGGGAA
GCTAGG
AACCCG
CGGTGA
CTCCGT
CTATAG
CTTTCA
AAGAGT
TGAAGT
TGTTGA
GGCCAA
GGCAAA
GTGACC
CCTAAA
CCTTCA
CGTCGA
AATGGC
TATAGC
GGCATA
GTGATG
GTCACT
GACATG
GGTACA
AGTATG
TAGAGA
TCCTAC
GCGGAA
ATCCAC
GGGACA
CTGGCC
TTCTGA
CAAGTT
TCGTAT
TTGACG
GCACGA
CACCAG
GATTTT
GGTAGC
CATGTC
CACAGT
GGCGTA
AAGCCA
TTCTCG
TCTTTG
TTCTAG
GTCTGT
CTCTTA
CTCCGC
GACGCT
CTTCTC
GATTCA
GACTCC
CCTCAA
CTGCAT
CGGTGA
TATGCT
CGCCAC
CAATAG
CAATGT
GGACAT
GCCAGC
CGTATC
ATGGTT
CTAGGT
ACAGAG
ATGGCC
GCTAAG
GTACAC
TGCCCG
TATCTC
GCTCGT
AATCGA
GCCTCA
CCTCCT
GCCACT
ATCCTG
TCTTCG
CGGCGT
AGTAGT
CCTAGC
CTTCCG
TTTGGT
CGGTGC
GCGAAC
CACCGG
CTGTTG
AGACAC
CAGGCA
GGACTG
CCTCCG
TCAATC
TCTCAC
CAATTG
CACAAC
TACGAC
CCCAAT
GCTAAC
AAAGCC
CCAAAG
ACTATA
ATAAAT
CTTTCC
CAGATG
GCTTAC
GGAATC
GCTCAC
TATGCT
TCCAGC
TCCGTA
TATCTG
CAGTAT
CCCTTC
TGATTT
TGTTAG
CCCTCT
ACCTTG
GTGGTA
TGTCAG
TAAGCG
CAGCCG
TGGCAA
GCACGC
GAGAAT
CCCAGA
TTGATG
TTCATG
GAGTAC
TTGAAT
AACAGG
GAACGA
TACTGT
ACCTCA
CTAGAG
AGTATA
CGGAGC
GAAGAT
AGTAGT
TGTCCC
GAGATA
GTTCCG
CTTAAC
CTTTCA
TTTGTT
GACCGT
ACGACT
TCGGAT
TAGGAT
TCGGGG
ACTACG
AAGTGT
GATCCA
CTGGAT
ACTCGA
GTAACA
TATGAA
ATTCCT
ACGCGT
TCTTCA
CGCGTC
TTGGAT
CGGTGG
GCGCCA
TTAGGA
TTTTAG
